<?xml version="1.0" encoding="UTF-8"?>
<testng-results ignored="0" total="1" passed="1" failed="0" skipped="0">
  <reporter-output>
  </reporter-output>
  <suite started-at="2024-10-27T21:04:39 ICT" name="Default suite" finished-at="2024-10-27T21:04:39 ICT" duration-ms="95">
    <groups>
    </groups>
    <test started-at="2024-10-27T21:04:39 ICT" name="Default test" finished-at="2024-10-27T21:04:39 ICT" duration-ms="95">
      <class name="automation.testsuite.Login">
        <test-method is-config="true" signature="init()[pri:0, instance:automation.testsuite.Login@57d7f8ca]" started-at="2024-10-27T21:04:39 ICT" name="init" finished-at="2024-10-27T21:04:39 ICT" duration-ms="6" status="PASS">
          <reporter-output>
          </reporter-output>
        </test-method> <!-- init -->
        <test-method signature="testcase1()[pri:0, instance:automation.testsuite.Login@57d7f8ca]" started-at="2024-10-27T21:04:39 ICT" name="testcase1" finished-at="2024-10-27T21:04:39 ICT" duration-ms="9" status="PASS">
          <reporter-output>
          </reporter-output>
        </test-method> <!-- testcase1 -->
      </class> <!-- automation.testsuite.Login -->
    </test> <!-- Default test -->
  </suite> <!-- Default suite -->
</testng-results>
